<?xml version="1.0" encoding="UTF-8" ?>
<testsuite tests="7" failures="1" name="TestSuite" time="0.648" errors="0" skipped="6">
  <properties>
[...]
</properties>
  <testcase classname="com.yw.testcase.MaterialBasicTest" name="beforeClass" time="0">
    <failure message="org/apache/commons/logging/LogFactory" type="java.lang.NoClassDefFoundError">java.lang.NoClassDefFoundError: org/apache/commons/logging/LogFactory
	at org.apache.http.conn.ssl.AbstractVerifier.&lt;init&gt;(AbstractVerifier.java:61)
	at org.apache.http.conn.ssl.AllowAllHostnameVerifier.&lt;init&gt;(AllowAllHostnameVerifier.java:44)
	at org.apache.http.conn.ssl.AllowAllHostnameVerifier.&lt;clinit&gt;(AllowAllHostnameVerifier.java:46)
	at org.apache.http.conn.ssl.SSLConnectionSocketFactory.&lt;clinit&gt;(SSLConnectionSocketFactory.java:146)
	at org.openqa.selenium.remote.internal.HttpClientFactory.getClientConnectionManager(HttpClientFactory.java:71)
	at org.openqa.selenium.remote.internal.HttpClientFactory.&lt;init&gt;(HttpClientFactory.java:57)
	at org.openqa.selenium.remote.internal.HttpClientFactory.&lt;init&gt;(HttpClientFactory.java:60)
	at org.openqa.selenium.remote.internal.ApacheHttpClient$Factory.getDefaultHttpClientFactory(ApacheHttpClient.java:247)
	at org.openqa.selenium.remote.internal.ApacheHttpClient$Factory.&lt;init&gt;(ApacheHttpClient.java:224)
	at org.openqa.selenium.remote.HttpCommandExecutor.getDefaultClientFactory(HttpCommandExecutor.java:93)
	at org.openqa.selenium.remote.HttpCommandExecutor.&lt;init&gt;(HttpCommandExecutor.java:72)
	at org.openqa.selenium.remote.service.DriverCommandExecutor.&lt;init&gt;(DriverCommandExecutor.java:62)
	at org.openqa.selenium.chrome.ChromeDriverCommandExecutor.&lt;init&gt;(ChromeDriverCommandExecutor.java:39)
	at org.openqa.selenium.chrome.ChromeDriver.&lt;init&gt;(ChromeDriver.java:184)
	at org.openqa.selenium.chrome.ChromeDriver.&lt;init&gt;(ChromeDriver.java:171)
	at org.openqa.selenium.chrome.ChromeDriver.&lt;init&gt;(ChromeDriver.java:124)
	at com.yw.utils.BrowserUtil.chrome(BrowserUtil.java:21)
	at com.yw.testcase.MaterialBasicTest.beforeClass(MaterialBasicTest.java:36)
Caused by: java.lang.ClassNotFoundException: org.apache.commons.logging.LogFactory
	at java.net.URLClassLoader.findClass(URLClassLoader.java:381)
	at java.lang.ClassLoader.loadClass(ClassLoader.java:424)
	at sun.misc.Launcher$AppClassLoader.loadClass(Launcher.java:349)
	at java.lang.ClassLoader.loadClass(ClassLoader.java:357)
	... 53 more
</failure>
    <system-out>Test Start
</system-out>
  </testcase>
  <testcase classname="com.yw.testcase.MaterialBasicTest" name="materialBasicIndex" time="0.006">
    <skipped/>
  </testcase>
  <testcase classname="com.yw.testcase.MaterialBasicTest" name="materialBasicModify" time="0.017">
    <skipped/>
  </testcase>
  <testcase classname="com.yw.testcase.MaterialBasicTest" name="materialBasicCheck" time="0.024">
    <skipped/>
  </testcase>
  <testcase classname="com.yw.testcase.MaterialBasicTest" name="beforeMethod" time="0.028">
    <skipped/>
  </testcase>
  <testcase classname="com.yw.testcase.MaterialBasicTest" name="materialBasicDel" time="0.028">
    <skipped/>
  </testcase>
  <testcase classname="com.yw.testcase.MaterialBasicTest" name="afterTest" time="0.028">
    <skipped/>
  </testcase>
</testsuite>